#
# There is insufficient memory for the Java Runtime Environment to continue.
# Native memory allocation (mmap) failed to map 125829120 bytes for G1 virtual space
# Possible reasons:
#   The system is out of physical RAM or swap space
#   The process is running with CompressedOops enabled, and the Java Heap may be blocking the growth of the native heap
# Possible solutions:
#   Reduce memory load on the system
#   Increase physical memory or swap space
#   Check if swap backing store is full
#   Decrease Java heap size (-Xmx/-Xms)
#   Decrease number of Java threads
#   Decrease Java thread stack sizes (-Xss)
#   Set larger code cache with -XX:ReservedCodeCacheSize=
#   JVM is running with Unscaled Compressed Oops mode in which the Java heap is
#     placed in the first 4GB address space. The Java Heap base address is the
#     maximum limit for the native heap growth. Please use -XX:HeapBaseMinAddress
#     to set the Java Heap base and to place the Java Heap above 4GB virtual address.
# This output file may be truncated or incomplete.
#
#  Out of Memory Error (os_windows.cpp:3466), pid=34412, tid=34476
#
# JRE version:  (16.0+36) (build )
# Java VM: Java HotSpot(TM) 64-Bit Server VM (16+36-2231, mixed mode, sharing, tiered, compressed oops, g1 gc, windows-amd64)
# No core dump will be written. Minidumps are not enabled by default on client versions of Windows
#

---------------  S U M M A R Y ------------

Command Line: -Dfile.encoding=MS949 --module-path=C:\Users\82106\eclipse-workspace\Practice\bin -XX:+ShowCodeDetailsInExceptionMessages -Djdk.module.main=Practice Practice/Practice0710.Window_Calculator

Host: AMD Ryzen 3 4300U with Radeon Graphics         , 4 cores, 7G,  Windows 10 , 64 bit Build 19041 (10.0.19041.1023)
Time: Sat Jul 10 20:51:27 2021  Windows 10 , 64 bit Build 19041 (10.0.19041.1023) elapsed time: 0.017527 seconds (0d 0h 0m 0s)

---------------  T H R E A D  ---------------

Current thread (0x000002029c808490):  JavaThread "Unknown thread" [_thread_in_vm, id=34476, stack(0x0000005e8da00000,0x0000005e8db00000)]

Stack: [0x0000005e8da00000,0x0000005e8db00000]
Native frames: (J=compiled Java code, j=interpreted, Vv=VM code, C=native code)
V  [jvm.dll+0x6681da]
V  [jvm.dll+0x7c9d99]
V  [jvm.dll+0x7cb4d3]
V  [jvm.dll+0x7cbb33]
V  [jvm.dll+0x242ee5]
V  [jvm.dll+0x664f99]
V  [jvm.dll+0x659b85]
V  [jvm.dll+0x2fbfcb]
V  [jvm.dll+0x3031c6]
V  [jvm.dll+0x352a0e]
V  [jvm.dll+0x352c3f]
V  [jvm.dll+0x2d3038]
V  [jvm.dll+0x2d4274]
V  [jvm.dll+0x79c691]
V  [jvm.dll+0x3607b1]
V  [jvm.dll+0x77a370]
V  [jvm.dll+0x3e501f]
V  [jvm.dll+0x3e6af1]
C  [jli.dll+0x52fb]
C  [ucrtbase.dll+0x21bb2]
C  [KERNEL32.DLL+0x17034]
C  [ntdll.dll+0x52651]


---------------  P R O C E S S  ---------------

Threads class SMR info:
_java_thread_list=0x00007ffffb93cbb8, length=0, elements={
}

Java Threads: ( => current thread )

Other Threads:
  0x000002029c845f50 GCTaskThread "GC Thread#0" [stack: 0x0000005e8db00000,0x0000005e8dc00000] [id=34480]
  0x000002029c858460 ConcurrentGCThread "G1 Main Marker" [stack: 0x0000005e8dc00000,0x0000005e8dd00000] [id=34484]
  0x000002029c858de0 ConcurrentGCThread "G1 Conc#0" [stack: 0x0000005e8dd00000,0x0000005e8de00000] [id=34488]

[error occurred during error reporting (printing all threads), id 0xc0000005, EXCEPTION_ACCESS_VIOLATION (0xc0000005) at pc=0x00007ffffb113ef7]

VM state: not at safepoint (not fully initialized)

VM Mutex/Monitor currently owned by a thread:  ([mutex/lock_event])
[0x000002029c805460] Heap_lock - owner thread: 0x000002029c808490

Heap address: 0x0000000089400000, size: 1900 MB, Compressed Oops mode: 32-bit
CDS archive(s) mapped at: [0x0000000000000000-0x0000000000000000-0x0000000000000000), size 0, SharedBaseAddress: 0x0000000800000000, ArchiveRelocationMode: 0.
Narrow klass base: 0x0000000000000000, Narrow klass shift: 0, Narrow klass range: 0x0

GC Precious Log:
<Empty>

Heap:
 garbage-first heap   total 0K, used 0K [0x0000000089400000, 0x0000000100000000)
  region size 1024K, 0 young (0K), 0 survivors (0K)

[error occurred during error reporting (printing heap information), id 0xc0000005, EXCEPTION_ACCESS_VIOLATION (0xc0000005) at pc=0x00007ffffb4f1edd]

GC Heap History (0 events):
No events

Deoptimization events (0 events):
No events

Classes unloaded (0 events):
No events

Classes redefined (0 events):
No events

Internal exceptions (0 events):
No events

Events (1 events):
Event: 0.011 Loaded shared library C:\Program Files\Java\jdk-16\bin\java.dll


Dynamic libraries:
0x00007ff661830000 - 0x00007ff661840000 	C:\Program Files\Java\jdk-16\bin\javaw.exe
0x00007ff838a90000 - 0x00007ff838c85000 	C:\Windows\SYSTEM32\ntdll.dll
0x00007ff8370b0000 - 0x00007ff83716d000 	C:\Windows\System32\KERNEL32.DLL
0x00007ff836650000 - 0x00007ff836918000 	C:\Windows\System32\KERNELBASE.dll
0x00007ff8364c0000 - 0x00007ff8365c0000 	C:\Windows\System32\ucrtbase.dll
0x00007ff830a60000 - 0x00007ff830a78000 	C:\Program Files\Java\jdk-16\bin\jli.dll
0x00007ff836e50000 - 0x00007ff836efc000 	C:\Windows\System32\ADVAPI32.dll
0x00007ff837170000 - 0x00007ff83720e000 	C:\Windows\System32\msvcrt.dll
0x00007ff838590000 - 0x00007ff83862b000 	C:\Windows\System32\sechost.dll
0x00007ff837210000 - 0x00007ff83733b000 	C:\Windows\System32\RPCRT4.dll
0x00007ff830a40000 - 0x00007ff830a59000 	C:\Program Files\Java\jdk-16\bin\VCRUNTIME140.dll
0x00007ff836f10000 - 0x00007ff8370b0000 	C:\Windows\System32\USER32.dll
0x00007ff8365c0000 - 0x00007ff8365e2000 	C:\Windows\System32\win32u.dll
0x00007ff8383c0000 - 0x00007ff8383ea000 	C:\Windows\System32\GDI32.dll
0x00007ff8369f0000 - 0x00007ff836afb000 	C:\Windows\System32\gdi32full.dll
0x00007ff836920000 - 0x00007ff8369bd000 	C:\Windows\System32\msvcp_win.dll
0x00007ff8255b0000 - 0x00007ff82584a000 	C:\Windows\WinSxS\amd64_microsoft.windows.common-controls_6595b64144ccf1df_6.0.19041.1052_none_60b8f8fd71f5e8cb\COMCTL32.dll
0x00007ff82e0b0000 - 0x00007ff82e0ba000 	C:\Windows\SYSTEM32\VERSION.dll
0x00007ff838490000 - 0x00007ff8384c0000 	C:\Windows\System32\IMM32.DLL
0x00007ff8339c0000 - 0x00007ff8339cc000 	C:\Program Files\Java\jdk-16\bin\vcruntime140_1.dll
0x00007ff829570000 - 0x00007ff829601000 	C:\Program Files\Java\jdk-16\bin\msvcp140.dll
0x00007ffffae30000 - 0x00007ffffb9db000 	C:\Program Files\Java\jdk-16\bin\server\jvm.dll
0x00007ff836d30000 - 0x00007ff836d38000 	C:\Windows\System32\PSAPI.DLL
0x00007ff833a30000 - 0x00007ff833a39000 	C:\Windows\SYSTEM32\WSOCK32.dll
0x00007ff82b2b0000 - 0x00007ff82b2d7000 	C:\Windows\SYSTEM32\WINMM.dll
0x00007ff8384c0000 - 0x00007ff83852b000 	C:\Windows\System32\WS2_32.dll
0x00007ff834120000 - 0x00007ff834132000 	C:\Windows\SYSTEM32\kernel.appcore.dll
0x00007ff82e870000 - 0x00007ff82e87a000 	C:\Program Files\Java\jdk-16\bin\jimage.dll
0x00007ff81ed10000 - 0x00007ff81eef4000 	C:\Windows\SYSTEM32\DBGHELP.DLL
0x00007ff81ece0000 - 0x00007ff81ed0c000 	C:\Windows\SYSTEM32\dbgcore.DLL
0x00007ff836430000 - 0x00007ff8364b3000 	C:\Windows\System32\bcryptPrimitives.dll
0x00007ff82e6a0000 - 0x00007ff82e6c5000 	C:\Program Files\Java\jdk-16\bin\java.dll

dbghelp: loaded successfully - version: 4.0.5 - missing functions: none
symbol engine: initialized successfully - sym options: 0x614 - pdb path: .;C:\Program Files\Java\jdk-16\bin;C:\Windows\SYSTEM32;C:\Windows\WinSxS\amd64_microsoft.windows.common-controls_6595b64144ccf1df_6.0.19041.1052_none_60b8f8fd71f5e8cb;C:\Program Files\Java\jdk-16\bin\server

VM Arguments:
jvm_args: -Dfile.encoding=MS949 --module-path=C:\Users\82106\eclipse-workspace\Practice\bin -XX:+ShowCodeDetailsInExceptionMessages -Djdk.module.main=Practice 
java_command: Practice/Practice0710.Window_Calculator
java_class_path (initial): .
Launcher Type: SUN_STANDARD

[Global flags]
     intx CICompilerCount                          = 3                                         {product} {ergonomic}
     uint ConcGCThreads                            = 1                                         {product} {ergonomic}
     uint G1ConcRefinementThreads                  = 4                                         {product} {ergonomic}
   size_t G1HeapRegionSize                         = 1048576                                   {product} {ergonomic}
    uintx GCDrainStackTargetSize                   = 64                                        {product} {ergonomic}
   size_t InitialHeapSize                          = 125829120                                 {product} {ergonomic}
   size_t MarkStackSize                            = 4194304                                   {product} {ergonomic}
   size_t MaxHeapSize                              = 1992294400                                {product} {ergonomic}
   size_t MinHeapDeltaBytes                        = 1048576                                   {product} {ergonomic}
   size_t MinHeapSize                              = 8388608                                   {product} {ergonomic}
    uintx NonNMethodCodeHeapSize                   = 5832780                                {pd product} {ergonomic}
    uintx NonProfiledCodeHeapSize                  = 122912730                              {pd product} {ergonomic}
    uintx ProfiledCodeHeapSize                     = 122912730                              {pd product} {ergonomic}
    uintx ReservedCodeCacheSize                    = 251658240                              {pd product} {ergonomic}
     bool SegmentedCodeCache                       = true                                      {product} {ergonomic}
     bool ShowCodeDetailsInExceptionMessages       = true                                   {manageable} {command line}
   size_t SoftMaxHeapSize                          = 1992294400                             {manageable} {ergonomic}
     bool UseCompressedClassPointers               = true                           {product lp64_product} {ergonomic}
     bool UseCompressedOops                        = true                           {product lp64_product} {ergonomic}
     bool UseG1GC                                  = true                                      {product} {ergonomic}
     bool UseLargePagesIndividualAllocation        = false                                  {pd product} {ergonomic}

Logging:
Log output configuration:
 #0: stdout all=warning uptime,level,tags
 #1: stderr all=off uptime,level,tags

Environment Variables:
CLASSPATH=.
PATH=C:/Program Files/Java/jdk-16/bin/server;C:/Program Files/Java/jdk-16/bin;C:\Program Files\Common Files\Oracle\Java\javapath;C:\Windows\system32;C:\Windows;C:\Windows\System32\Wbem;C:\Windows\System32\WindowsPowerShell\v1.0\;C:\Windows\System32\OpenSSH\;C:\Program Files\Java\jdk-16\bin;C:\Python39\Scripts\;C:\Python39\;C:\Users\82106\AppData\Local\Microsoft\WindowsApps;;C:\Users\82106\AppData\Local\Programs\Microsoft VS Code\bin;C:\Users\82106\Desktop;
USERNAME=82106
OS=Windows_NT
PROCESSOR_IDENTIFIER=AMD64 Family 23 Model 96 Stepping 1, AuthenticAMD



---------------  S Y S T E M  ---------------

OS:
 Windows 10 , 64 bit Build 19041 (10.0.19041.1023)
OS uptime: 27 days 7:55 hours

CPU: total 4 (initial active 4) (4 cores per cpu, 1 threads per core) family 23 model 96 stepping 1 microcode 0x0, cx8, cmov, fxsr, mmx, 3dnowpref, sse, sse2, sse3, ssse3, sse4a, sse4.1, sse4.2, popcnt, lzcnt, tsc, tscinvbit, avx, avx2, aes, clmul, bmi1, bmi2, adx, sha, fma, vzeroupper, clflush, clflushopt

Memory: 4k page, system-wide physical 7599M (392M free)
TotalPageFile size 31151M (AvailPageFile size 29M)
current process WorkingSet (physical memory assigned to process): 10M, peak: 10M
current process commit charge ("private bytes"): 51M, peak: 171M

vm_info: Java HotSpot(TM) 64-Bit Server VM (16+36-2231) for windows-amd64 JRE (16+36-2231), built on Feb  8 2021 11:43:10 by "mach5one" with MS VC++ 16.7 (VS2019)

END.
